{
  "RSpec": {
    "coverage": {
      "/Users/timothycole/OneDrive/Makers/Month_2/oystercard_Kaya/Oystercard/spec/station_spec.rb": [
        1,
        null,
        null,
        1,
        1,
        1,
        1,
        null,
        1,
        1,
        null,
        null,
        null
      ],
      "/Users/timothycole/OneDrive/Makers/Month_2/oystercard_Kaya/Oystercard/lib/station.rb": [
        null,
        1,
        1,
        null,
        1,
        2,
        2,
        null,
        null,
        null
      ]
    },
    "timestamp": 1562256144
  }
}
